<?xml version="1.0" encoding="UTF-8"?>
<testng-results skipped="0" failed="0" ignored="0" total="1" passed="1">
  <reporter-output>
  </reporter-output>
  <suite name="Suite" duration-ms="12762" started-at="2018-02-24T17:57:49Z" finished-at="2018-02-24T17:58:02Z">
    <groups>
    </groups>
    <test name="Test" duration-ms="12762" started-at="2018-02-24T17:57:49Z" finished-at="2018-02-24T17:58:02Z">
      <class name="Testing.NewTest">
        <test-method status="PASS" signature="beforeTest()[pri:0, instance:Testing.NewTest@1e88b3c]" name="beforeTest" is-config="true" duration-ms="9193" started-at="2018-02-24T17:57:50Z" finished-at="2018-02-24T17:57:59Z">
          <reporter-output>
          </reporter-output>
        </test-method> <!-- beforeTest -->
        <test-method status="PASS" signature="f()[pri:0, instance:Testing.NewTest@1e88b3c]" name="f" duration-ms="2753" started-at="2018-02-24T17:57:59Z" finished-at="2018-02-24T17:58:01Z">
          <reporter-output>
          </reporter-output>
        </test-method> <!-- f -->
        <test-method status="PASS" signature="afterTest()[pri:0, instance:Testing.NewTest@1e88b3c]" name="afterTest" is-config="true" duration-ms="767" started-at="2018-02-24T17:58:01Z" finished-at="2018-02-24T17:58:02Z">
          <reporter-output>
          </reporter-output>
        </test-method> <!-- afterTest -->
      </class> <!-- Testing.NewTest -->
    </test> <!-- Test -->
  </suite> <!-- Suite -->
</testng-results>
